1513866118.388697 client started (5928): version 2.6, socket /private/tmp/tmux-501/default, protocol 8
1513866118.388759 on Darwin 17.3.0 Darwin Kernel Version 17.3.0: Thu Nov  9 18:09:22 PST 2017; root:xnu-4570.31.3~1/RELEASE_X86_64; libevent 2.1.8-stable (select)
1513866118.388809 socket is /private/tmp/tmux-501/default
1513866118.388836 trying connect
1513866118.388871 connect failed: No such file or directory
1513866118.389022 lock file is /private/tmp/tmux-501/default.lock
1513866118.389098 flock succeeded
1513866118.389109 got lock (7)
1513866118.389121 trying connect
1513866118.389138 connect failed: No such file or directory
1513866118.389563 add peer 0x7ffe08810000: 8 (0x0)
1513866118.391757 sending message 100 to peer 0x7ffe08810000 (4 bytes)
1513866118.391794 sending message 101 to peer 0x7ffe08810000 (15 bytes)
1513866118.391812 sending message 102 to peer 0x7ffe08810000 (13 bytes)
1513866118.391826 sending message 108 to peer 0x7ffe08810000 (36 bytes)
1513866118.391855 sending message 104 to peer 0x7ffe08810000 (0 bytes)
1513866118.391870 sending message 107 to peer 0x7ffe08810000 (4 bytes)
1513866118.391885 sending message 105 to peer 0x7ffe08810000 (57 bytes)
1513866118.391899 sending message 105 to peer 0x7ffe08810000 (14 bytes)
1513866118.391912 sending message 105 to peer 0x7ffe08810000 (76 bytes)
1513866118.391926 sending message 105 to peer 0x7ffe08810000 (25 bytes)
1513866118.391940 sending message 105 to peer 0x7ffe08810000 (15 bytes)
1513866118.391955 sending message 105 to peer 0x7ffe08810000 (28 bytes)
1513866118.391970 sending message 105 to peer 0x7ffe08810000 (19 bytes)
1513866118.391985 sending message 105 to peer 0x7ffe08810000 (53 bytes)
1513866118.391999 sending message 105 to peer 0x7ffe08810000 (66 bytes)
1513866118.392014 sending message 105 to peer 0x7ffe08810000 (20 bytes)
1513866118.392033 sending message 105 to peer 0x7ffe08810000 (15 bytes)
1513866118.392045 sending message 105 to peer 0x7ffe08810000 (27 bytes)
1513866118.392053 sending message 105 to peer 0x7ffe08810000 (23 bytes)
1513866118.392061 sending message 105 to peer 0x7ffe08810000 (20 bytes)
1513866118.392070 sending message 105 to peer 0x7ffe08810000 (231 bytes)
1513866118.392078 sending message 105 to peer 0x7ffe08810000 (8 bytes)
1513866118.392091 sending message 105 to peer 0x7ffe08810000 (40 bytes)
1513866118.392106 sending message 105 to peer 0x7ffe08810000 (29 bytes)
1513866118.392119 sending message 105 to peer 0x7ffe08810000 (37 bytes)
1513866118.392132 sending message 105 to peer 0x7ffe08810000 (11 bytes)
1513866118.392146 sending message 105 to peer 0x7ffe08810000 (8 bytes)
1513866118.392159 sending message 105 to peer 0x7ffe08810000 (32 bytes)
1513866118.392173 sending message 105 to peer 0x7ffe08810000 (33 bytes)
1513866118.392187 sending message 105 to peer 0x7ffe08810000 (36 bytes)
1513866118.392202 sending message 105 to peer 0x7ffe08810000 (44 bytes)
1513866118.392215 sending message 105 to peer 0x7ffe08810000 (20 bytes)
1513866118.392228 sending message 105 to peer 0x7ffe08810000 (17 bytes)
1513866118.392241 sending message 105 to peer 0x7ffe08810000 (22 bytes)
1513866118.392256 sending message 105 to peer 0x7ffe08810000 (20 bytes)
1513866118.392273 sending message 105 to peer 0x7ffe08810000 (28 bytes)
1513866118.392288 sending message 105 to peer 0x7ffe08810000 (52 bytes)
1513866118.392308 sending message 105 to peer 0x7ffe08810000 (102 bytes)
1513866118.392326 sending message 105 to peer 0x7ffe08810000 (58 bytes)
1513866118.392340 sending message 105 to peer 0x7ffe08810000 (58 bytes)
1513866118.392355 sending message 105 to peer 0x7ffe08810000 (24 bytes)
1513866118.392370 sending message 105 to peer 0x7ffe08810000 (20 bytes)
1513866118.392385 sending message 105 to peer 0x7ffe08810000 (14 bytes)
1513866118.392400 sending message 105 to peer 0x7ffe08810000 (15 bytes)
1513866118.392415 sending message 105 to peer 0x7ffe08810000 (27 bytes)
1513866118.392430 sending message 105 to peer 0x7ffe08810000 (18 bytes)
1513866118.392444 sending message 105 to peer 0x7ffe08810000 (14 bytes)
1513866118.392457 sending message 105 to peer 0x7ffe08810000 (18 bytes)
1513866118.392492 sending message 105 to peer 0x7ffe08810000 (20 bytes)
1513866118.392509 sending message 105 to peer 0x7ffe08810000 (23 bytes)
1513866118.392524 sending message 105 to peer 0x7ffe08810000 (11 bytes)
1513866118.392538 sending message 105 to peer 0x7ffe08810000 (16 bytes)
1513866118.392547 sending message 105 to peer 0x7ffe08810000 (15 bytes)
1513866118.392561 sending message 105 to peer 0x7ffe08810000 (15 bytes)
1513866118.392576 sending message 105 to peer 0x7ffe08810000 (15 bytes)
1513866118.392589 sending message 105 to peer 0x7ffe08810000 (23 bytes)
1513866118.392605 sending message 105 to peer 0x7ffe08810000 (15 bytes)
1513866118.392621 sending message 105 to peer 0x7ffe08810000 (17 bytes)
1513866118.392642 sending message 105 to peer 0x7ffe08810000 (9 bytes)
1513866118.392664 sending message 105 to peer 0x7ffe08810000 (17 bytes)
1513866118.392673 sending message 105 to peer 0x7ffe08810000 (14 bytes)
1513866118.392686 sending message 105 to peer 0x7ffe08810000 (18 bytes)
1513866118.392695 sending message 105 to peer 0x7ffe08810000 (10 bytes)
1513866118.392703 sending message 105 to peer 0x7ffe08810000 (22 bytes)
1513866118.392711 sending message 105 to peer 0x7ffe08810000 (17 bytes)
1513866118.392720 sending message 105 to peer 0x7ffe08810000 (15 bytes)
1513866118.392733 sending message 106 to peer 0x7ffe08810000 (0 bytes)
1513866118.392746 sending message 200 to peer 0x7ffe08810000 (4 bytes)
1513866118.392755 client loop enter
1513866118.408563 peer 0x7ffe08810000 message 207
1513866118.408585 sending message 208 to peer 0x7ffe08810000 (0 bytes)
1513866161.609634 peer 0x7ffe08810000 message 203
1513866161.609671 sending message 205 to peer 0x7ffe08810000 (0 bytes)
1513866161.609987 peer 0x7ffe08810000 message 204
1513866161.610017 client loop exit
